Processing incident: Blacktivists facebook group.       Techniques:  
Processing incident: #VaccinateUS.      Techniques:  T0018_Purchase Targeted Advertisements, T0046_Use Search Engine Optimization, 
Processing incident: Beyonce protest rallies.   Techniques:
Processing incident: #Macrongate.       Techniques:
Processing incident: Brexit vote.       Techniques:  T0007_Create Inauthentic Social Media Pages and Groups, T0018_Purchase Targeted Advertisements, T0029_Online Polls, T0046_Use Search Engine Optimization, T0057_Organise Events, T0057.001_Pay for Physical Action, T0057.002_Conduct 
Symbolic Action,
Processing incident: Columbian Chemicals.       Techniques:  T0007_Create Inauthentic Social Media Pages and Groups, T0043_Chat Apps, T0039_Bait Influencers,
Processing incident: Incirlik terrorists.       Techniques:
Processing incident: Bujic.     Techniques:
Processing incident: PhilippinesExpert. Techniques:  T0007_Create Inauthentic Social Media Pages and Groups,
Processing incident: ParklandTeens.     Techniques:  T0007_Create Inauthentic Social Media Pages and Groups, T0046_Use Search Engine Optimization, T0039_Bait Influencers,
Processing incident: CovingtonTeen.     Techniques:  
Processing incident: ChinaSmog. Techniques:
Processing incident: FranceBlacktivists.        Techniques:
Processing incident: GiletsJaunePileon. Techniques:
Processing incident: ConcordDiscovery.  Techniques:  T0039_Bait Influencers,
Processing incident: LithuanianElves.   Techniques:
Processing incident: US presidential elections. Techniques:  T0007_Create Inauthentic Social Media Pages and Groups, T0016_Create Clickbait, T0018_Purchase Targeted Advertisements, T0029_Online Polls, T0046_Use Search Engine Optimization, T0057_Organise Events, T0057.001_Pay for Physical Action, T0057.002_Conduct Symbolic Action,
Processing incident: DNC email leak incident.   Techniques:
Processing incident: MacronTiphaine.    Techniques:
Processing incident: 3000 tanks.        Techniques:
Processing incident: Armenia elections. Techniques:
Processing incident: #Macronleaks.      Techniques:  T0007_Create Inauthentic Social Media Pages and Groups, 
Processing incident: #dislikemacron.    Techniques:
Processing incident: #syriahoax.        Techniques:
Processing incident: EU Army.   Techniques:
Processing incident: Netherlands referendum on Ukraine. Techniques:
Processing incident: crucifiedboy.      Techniques:
Processing incident: mh17 downed.       Techniques:
Processing incident: MH17 investigation.        Techniques:  T0046_Use Search Engine Optimization, 
Processing incident: LastJedi.  Techniques:  
Processing incident: antivax.   Techniques:  
Processing incident: Kavanaugh. Techniques:  T0007_Create Inauthentic Social Media Pages and Groups, T0046_Use Search Engine Optimization, T0057_Organise Events, T0057.001_Pay for Physical Action, T0057.002_Conduct Symbolic Action, 
Processing incident: China 50cent Army. Techniques:  T0049_Flood Information Space, T0049.003_Bots Amplify via Automated Forwarding and Reposting, T0049.002_Flood Existing Hashtag, T0049.001_Trolls Amplify and Manipulate, T0048_Harass, T0048.002_Harass People Based on Identities, 
Processing incident: DibaFacebookExpedition.    Techniques:  T0049_Flood Information Space, T0049.003_Bots Amplify via Automated Forwarding and Reposting, T0049.002_Flood Existing Hashtag, T0049.001_Trolls Amplify and Manipulate, 
Processing incident: Brazilelections.   Techniques:  
Processing incident: BrazilPresDebate.  Techniques:  
Processing incident: Rioelections.      Techniques:
Processing incident: Brazilimpeachment. Techniques:  
Processing incident: MerkelFacebook.    Techniques:  
Processing incident: modamaniSelfie.    Techniques:
Processing incident: Refugee crime map. Techniques:
Processing incident: Saudi/Qatar bot dispute.   Techniques:
Processing incident: FCC comments.      Techniques:
Processing incident: JadeHelm exercise. Techniques:  T0046_Use Search Engine Optimization, 
Processing incident: Skripal.   Techniques:
Processing incident: North Macedonia.   Techniques:
Processing incident: Sea of Azov.       Techniques:  T0023_Distort Facts, T0023.001_Reframe Context,
Processing incident: White Helmets.     Techniques:  
Processing incident: White Helmets: Chemical Weapons.   Techniques:  T0046_Use Search Engine Optimization, 
Processing incident: #HandsOffVenezuela.        Techniques:  T0046_Use Search Engine Optimization,
Processing incident: Integrity Initiative.      Techniques:  T0046_Use Search Engine Optimization,
Processing incident: China overiew.     Techniques:  
Processing incident: China Huawei CFO Arrest.   Techniques:  T0023_Distort Facts, T0023.001_Reframe Context, T0057_Organise Events, T0057.001_Pay for Physical Action, T0057.002_Conduct Symbolic Action,
Processing incident: China Muslims.     Techniques:
Processing incident: 50 Cent Army.      Techniques:
Processing incident: Iran Influence Operations. Techniques:  T0022_Leverage Conspiracy Theory Narratives, T0022.001_ Amplify Existing Conspiracy Theory  Narratives, T0007_Create Inauthentic Social Media Pages and Groups, T0046_Use Search Engine Optimization, 
Processing incident: Mexico Election.   Techniques:
Processing incident: Chemnitz.  Techniques:
Processing incident: Myanmar - Rohingya .       Techniques:
Processing incident: White Genocide.    Techniques:
Processing incident: Military veterans Targetting.      Techniques:  
Processing incident: Brexit/UK ongoing. Techniques:
Processing incident: Olympic Doping Scandal.    Techniques:  T0046_Use Search Engine Optimization,
Processing incident: Tinder nightmares: the promise and peril of political bots.        Techniques:
Processing incident: 'Ghostwriter' Influence Campaign: Unknown Actors Leverage Website Compromises and Fabricated Content to Push Narratives Aligned With Russian Security Interests.   Techniques:  T0141.001_Acquire Compromised Account, 
Processing incident: The online war between Qatar and Saudi Arabia.     Techniques:
Processing incident: Wagner disinformation at Mali.     Techniques:  T0004_ Develop Competing Narratives, T0022_Leverage Conspiracy Theory Narratives, T0022.001_ Amplify Existing Conspiracy Theory  Narratives, T0086_Develop Image-Based Content, T0086.001_Develop Memes, T0086.002_Develop AI-Generated Images (Deepfakes), T0086.004_Aggregate Information Into Evidence Collages, T0092_Build Network, T0092.001_Create Organisations, T0092.002_Use Follow Trains, T0092.003_Create Community or Sup-Group, T0049_Flood Information Space, T0049.003_Bots Amplify via Automated Forwarding and Reposting, T0049.002_Flood Existing Hashtag, T0049.001_Trolls Amplify and Manipulate, T0119.001_Post across Groups, T0119.002_Post across Platforms,
Processing incident: SMS-demoralization​ at Ukraine war.        Techniques:  T0101_Create Localised Content,
Processing incident: Bucha massacre at Ukraine. Techniques:  T0022_Leverage Conspiracy Theory Narratives, T0022.001_ Amplify Existing Conspiracy Theory  Narratives, T0068_Respond to Breaking News Event or Active Crisis, T0023_Distort Facts, T0023.001_Reframe Context, T0092_Build Network, T0092.001_Create Organisations, T0092.002_Use Follow Trains, T0092.003_Create Community or Sup-Group, T0095_Develop Owned Media Assets, T0110_Formal Diplomatic Channels, T0114_Deliver Ads,
Processing incident: Ukraine re-sold French howitzers for profit.       Techniques:  T0072.002_Demographic Segmentation, 
CSV file created successfully!